<?xml version="1.0" encoding="UTF-8"?>
<!-- Generated by org.testng.reporters.JUnitXMLReporter -->
<testsuite ignored="0" hostname="Mohammad-Aqel" failures="0" tests="3" name="Default test" time="27.214" errors="0" timestamp="2024-01-14T09:41:27 EET">
  <testcase classname="MyTestCases" name="addtwoitmes" time="11.299"/>
  <testcase classname="MyTestCases" name="addthreeitmes" time="10.673"/>
  <testcase classname="MyTestCases" name="addfouritmes" time="3.662"/>
</testsuite> <!-- Default test -->
