<?xml version="1.0" encoding="UTF-8"?>
<testng-results ignored="0" total="3" passed="3" failed="0" skipped="0">
  <reporter-output>
  </reporter-output>
  <suite started-at="2024-01-14T09:41:00 EET" name="Default suite" finished-at="2024-01-14T09:41:27 EET" duration-ms="27214">
    <groups>
    </groups>
    <test started-at="2024-01-14T09:41:00 EET" name="Default test" finished-at="2024-01-14T09:41:27 EET" duration-ms="27214">
      <class name="MyTestCases">
        <test-method is-config="true" signature="MySetup()[pri:0, instance:MyTestCases@70e29e14]" started-at="2024-01-14T09:41:00 EET" name="MySetup" finished-at="2024-01-14T09:41:01 EET" duration-ms="1468" status="PASS">
          <reporter-output>
          </reporter-output>
        </test-method> <!-- MySetup -->
        <test-method signature="addtwoitmes()[pri:1, instance:MyTestCases@70e29e14]" started-at="2024-01-14T09:41:01 EET" name="addtwoitmes" finished-at="2024-01-14T09:41:13 EET" duration-ms="11299" status="PASS">
          <reporter-output>
          </reporter-output>
        </test-method> <!-- addtwoitmes -->
        <test-method signature="addthreeitmes()[pri:2, instance:MyTestCases@70e29e14]" started-at="2024-01-14T09:41:13 EET" name="addthreeitmes" finished-at="2024-01-14T09:41:23 EET" duration-ms="10673" status="PASS">
          <reporter-output>
          </reporter-output>
        </test-method> <!-- addthreeitmes -->
        <test-method signature="addfouritmes()[pri:3, instance:MyTestCases@70e29e14]" started-at="2024-01-14T09:41:23 EET" name="addfouritmes" finished-at="2024-01-14T09:41:27 EET" duration-ms="3662" status="PASS">
          <reporter-output>
          </reporter-output>
        </test-method> <!-- addfouritmes -->
        <test-method is-config="true" signature="MyPostTesting()[pri:0, instance:MyTestCases@70e29e14]" started-at="2024-01-14T09:41:27 EET" name="MyPostTesting" finished-at="2024-01-14T09:41:27 EET" duration-ms="1" status="PASS">
          <reporter-output>
          </reporter-output>
        </test-method> <!-- MyPostTesting -->
      </class> <!-- MyTestCases -->
    </test> <!-- Default test -->
  </suite> <!-- Default suite -->
</testng-results>
